{"level":"info","message":"WebSocket handlers initialized","service":"workflowiq-backend","timestamp":"2025-06-08T13:57:36.694Z"}
{"level":"info","message":"🚀 WorkflowIQ Backend Server running on port 4000","service":"workflowiq-backend","timestamp":"2025-06-08T13:57:36.700Z"}
{"level":"info","message":"📚 API Documentation available at http://localhost:4000/api-docs","service":"workflowiq-backend","timestamp":"2025-06-08T13:57:36.700Z"}
{"level":"info","message":"🔄 WebSocket server initialized","service":"workflowiq-backend","timestamp":"2025-06-08T13:57:36.700Z"}
{"level":"info","message":"🌍 Environment: development","service":"workflowiq-backend","timestamp":"2025-06-08T13:57:36.701Z"}
{"level":"info","message":"WebSocket handlers initialized","service":"workflowiq-backend","timestamp":"2025-06-08T14:01:03.891Z"}
{"level":"info","message":"🚀 WorkflowIQ Backend Server running on port 4000","service":"workflowiq-backend","timestamp":"2025-06-08T14:01:03.895Z"}
{"level":"info","message":"📚 API Documentation available at http://localhost:4000/api-docs","service":"workflowiq-backend","timestamp":"2025-06-08T14:01:03.896Z"}
{"level":"info","message":"🔄 WebSocket server initialized","service":"workflowiq-backend","timestamp":"2025-06-08T14:01:03.896Z"}
{"level":"info","message":"🌍 Environment: development","service":"workflowiq-backend","timestamp":"2025-06-08T14:01:03.896Z"}
{"level":"info","message":"WebSocket handlers initialized","service":"workflowiq-backend","timestamp":"2025-06-08T14:04:28.569Z"}
{"level":"info","message":"🚀 WorkflowIQ Backend Server running on port 4000","service":"workflowiq-backend","timestamp":"2025-06-08T14:04:28.573Z"}
{"level":"info","message":"📚 API Documentation available at http://localhost:4000/api-docs","service":"workflowiq-backend","timestamp":"2025-06-08T14:04:28.574Z"}
{"level":"info","message":"🔄 WebSocket server initialized","service":"workflowiq-backend","timestamp":"2025-06-08T14:04:28.574Z"}
{"level":"info","message":"🌍 Environment: development","service":"workflowiq-backend","timestamp":"2025-06-08T14:04:28.574Z"}
{"level":"info","message":"WebSocket handlers initialized","service":"workflowiq-backend","timestamp":"2025-06-08T14:05:55.607Z"}
{"level":"info","message":"🚀 WorkflowIQ Backend Server running on port 4000","service":"workflowiq-backend","timestamp":"2025-06-08T14:05:55.610Z"}
{"level":"info","message":"📚 API Documentation available at http://localhost:4000/api-docs","service":"workflowiq-backend","timestamp":"2025-06-08T14:05:55.611Z"}
{"level":"info","message":"🔄 WebSocket server initialized","service":"workflowiq-backend","timestamp":"2025-06-08T14:05:55.611Z"}
{"level":"info","message":"🌍 Environment: development","service":"workflowiq-backend","timestamp":"2025-06-08T14:05:55.611Z"}
{"level":"info","message":"WebSocket handlers initialized","service":"workflowiq-backend","timestamp":"2025-06-08T14:09:29.415Z"}
{"level":"info","message":"🚀 WorkflowIQ Backend Server running on port 4000","service":"workflowiq-backend","timestamp":"2025-06-08T14:09:29.419Z"}
{"level":"info","message":"📚 API Documentation available at http://localhost:4000/api-docs","service":"workflowiq-backend","timestamp":"2025-06-08T14:09:29.419Z"}
{"level":"info","message":"🔄 WebSocket server initialized","service":"workflowiq-backend","timestamp":"2025-06-08T14:09:29.419Z"}
{"level":"info","message":"🌍 Environment: development","service":"workflowiq-backend","timestamp":"2025-06-08T14:09:29.420Z"}
{"level":"info","message":"WebSocket handlers initialized","service":"workflowiq-backend","timestamp":"2025-06-08T15:47:40.059Z"}
{"level":"info","message":"🚀 WorkflowIQ Backend Server running on port 4000","service":"workflowiq-backend","timestamp":"2025-06-08T15:47:40.062Z"}
{"level":"info","message":"📚 API Documentation available at http://localhost:4000/api-docs","service":"workflowiq-backend","timestamp":"2025-06-08T15:47:40.062Z"}
{"level":"info","message":"🔄 WebSocket server initialized","service":"workflowiq-backend","timestamp":"2025-06-08T15:47:40.063Z"}
{"level":"info","message":"🌍 Environment: development","service":"workflowiq-backend","timestamp":"2025-06-08T15:47:40.063Z"}
{"level":"info","message":"WebSocket handlers initialized","service":"workflowiq-backend","timestamp":"2025-06-08T15:50:21.528Z"}
{"level":"info","message":"🚀 WorkflowIQ Backend Server running on port 4000","service":"workflowiq-backend","timestamp":"2025-06-08T15:50:21.537Z"}
{"level":"info","message":"📚 API Documentation available at http://localhost:4000/api-docs","service":"workflowiq-backend","timestamp":"2025-06-08T15:50:21.537Z"}
{"level":"info","message":"🔄 WebSocket server initialized","service":"workflowiq-backend","timestamp":"2025-06-08T15:50:21.537Z"}
{"level":"info","message":"🌍 Environment: development","service":"workflowiq-backend","timestamp":"2025-06-08T15:50:21.537Z"}
{"level":"info","message":"WebSocket handlers initialized","service":"workflowiq-backend","timestamp":"2025-06-08T17:26:36.995Z"}
{"level":"info","message":"🚀 WorkflowIQ Backend Server running on port 4000","service":"workflowiq-backend","timestamp":"2025-06-08T17:26:37.015Z"}
{"level":"info","message":"📚 API Documentation available at http://localhost:4000/api-docs","service":"workflowiq-backend","timestamp":"2025-06-08T17:26:37.016Z"}
{"level":"info","message":"🔄 WebSocket server initialized","service":"workflowiq-backend","timestamp":"2025-06-08T17:26:37.016Z"}
{"level":"info","message":"🌍 Environment: development","service":"workflowiq-backend","timestamp":"2025-06-08T17:26:37.017Z"}
{"level":"info","message":"WebSocket handlers initialized","service":"workflowiq-backend","timestamp":"2025-06-08T17:27:15.182Z"}
{"level":"info","message":"🚀 WorkflowIQ Backend Server running on port 4000","service":"workflowiq-backend","timestamp":"2025-06-08T17:27:15.191Z"}
{"level":"info","message":"📚 API Documentation available at http://localhost:4000/api-docs","service":"workflowiq-backend","timestamp":"2025-06-08T17:27:15.192Z"}
{"level":"info","message":"🔄 WebSocket server initialized","service":"workflowiq-backend","timestamp":"2025-06-08T17:27:15.192Z"}
{"level":"info","message":"🌍 Environment: development","service":"workflowiq-backend","timestamp":"2025-06-08T17:27:15.192Z"}
{"level":"info","message":"WebSocket handlers initialized","service":"workflowiq-backend","timestamp":"2025-06-08T17:27:39.802Z"}
{"level":"info","message":"🚀 WorkflowIQ Backend Server running on port 4000","service":"workflowiq-backend","timestamp":"2025-06-08T17:27:39.812Z"}
{"level":"info","message":"📚 API Documentation available at http://localhost:4000/api-docs","service":"workflowiq-backend","timestamp":"2025-06-08T17:27:39.812Z"}
{"level":"info","message":"🔄 WebSocket server initialized","service":"workflowiq-backend","timestamp":"2025-06-08T17:27:39.812Z"}
{"level":"info","message":"🌍 Environment: development","service":"workflowiq-backend","timestamp":"2025-06-08T17:27:39.813Z"}
{"level":"error","message":"Database error: \nInvalid `prisma.user.findUnique()` invocation in\nC:\\Users\\vince\\OneDrive\\Desktop\\Side-project\\other\\project1\\backend\\src\\routes\\auth.ts:98:44\n\n  95 const { email, password, firstName, lastName, organizationName } = req.body;\n  96 \n  97 // Check if user already exists\n→ 98 const existingUser = await prisma.user.findUnique(\nerror: Environment variable not found: DATABASE_URL.\n  -->  schema.prisma:13\n   | \n12 |   provider = \"postgresql\"\n13 |   url      = env(\"DATABASE_URL\")\n   | \n\nValidation Error Count: 1","service":"workflowiq-backend","target":"user.findUnique","timestamp":"2025-06-08T17:30:12.816Z"}
{"clientVersion":"5.22.0","level":"error","message":"Registration error: \nInvalid `prisma.user.findUnique()` invocation in\nC:\\Users\\vince\\OneDrive\\Desktop\\Side-project\\other\\project1\\backend\\src\\routes\\auth.ts:98:44\n\n  95 const { email, password, firstName, lastName, organizationName } = req.body;\n  96 \n  97 // Check if user already exists\n→ 98 const existingUser = await prisma.user.findUnique(\nerror: Environment variable not found: DATABASE_URL.\n  -->  schema.prisma:13\n   | \n12 |   provider = \"postgresql\"\n13 |   url      = env(\"DATABASE_URL\")\n   | \n\nValidation Error Count: 1","name":"PrismaClientInitializationError","service":"workflowiq-backend","stack":"PrismaClientInitializationError: \nInvalid `prisma.user.findUnique()` invocation in\nC:\\Users\\vince\\OneDrive\\Desktop\\Side-project\\other\\project1\\backend\\src\\routes\\auth.ts:98:44\n\n  95 const { email, password, firstName, lastName, organizationName } = req.body;\n  96 \n  97 // Check if user already exists\n→ 98 const existingUser = await prisma.user.findUnique(\nerror: Environment variable not found: DATABASE_URL.\n  -->  schema.prisma:13\n   | \n12 |   provider = \"postgresql\"\n13 |   url      = env(\"DATABASE_URL\")\n   | \n\nValidation Error Count: 1\n    at $n.handleRequestError (C:\\Users\\vince\\OneDrive\\Desktop\\Side-project\\other\\project1\\node_modules\\@prisma\\client\\runtime\\library.js:121:7615)\n    at $n.handleAndLogRequestError (C:\\Users\\vince\\OneDrive\\Desktop\\Side-project\\other\\project1\\node_modules\\@prisma\\client\\runtime\\library.js:121:6623)\n    at $n.request (C:\\Users\\vince\\OneDrive\\Desktop\\Side-project\\other\\project1\\node_modules\\@prisma\\client\\runtime\\library.js:121:6307)\n    at async l (C:\\Users\\vince\\OneDrive\\Desktop\\Side-project\\other\\project1\\node_modules\\@prisma\\client\\runtime\\library.js:130:9633)\n    at async <anonymous> (C:\\Users\\vince\\OneDrive\\Desktop\\Side-project\\other\\project1\\backend\\src\\routes\\auth.ts:98:26)","timestamp":"2025-06-08T17:30:12.818Z"}
{"level":"info","message":"::1 - - [08/Jun/2025:17:30:12 +0000] \"POST /api/auth/register HTTP/1.1\" 500 49 \"http://localhost:3000/\" \"Mozilla/5.0 (Windows NT 10.0; Win64; x64) AppleWebKit/537.36 (KHTML, like Gecko) Chrome/137.0.0.0 Safari/537.36 Edg/137.0.0.0\"","service":"workflowiq-backend","timestamp":"2025-06-08T17:30:12.823Z"}
{"level":"error","message":"Database error: \nInvalid `prisma.user.findUnique()` invocation in\nC:\\Users\\vince\\OneDrive\\Desktop\\Side-project\\other\\project1\\backend\\src\\routes\\auth.ts:98:44\n\n  95 const { email, password, firstName, lastName, organizationName } = req.body;\n  96 \n  97 // Check if user already exists\n→ 98 const existingUser = await prisma.user.findUnique(\nerror: Environment variable not found: DATABASE_URL.\n  -->  schema.prisma:13\n   | \n12 |   provider = \"postgresql\"\n13 |   url      = env(\"DATABASE_URL\")\n   | \n\nValidation Error Count: 1","service":"workflowiq-backend","target":"user.findUnique","timestamp":"2025-06-08T17:30:26.264Z"}
{"clientVersion":"5.22.0","level":"error","message":"Registration error: \nInvalid `prisma.user.findUnique()` invocation in\nC:\\Users\\vince\\OneDrive\\Desktop\\Side-project\\other\\project1\\backend\\src\\routes\\auth.ts:98:44\n\n  95 const { email, password, firstName, lastName, organizationName } = req.body;\n  96 \n  97 // Check if user already exists\n→ 98 const existingUser = await prisma.user.findUnique(\nerror: Environment variable not found: DATABASE_URL.\n  -->  schema.prisma:13\n   | \n12 |   provider = \"postgresql\"\n13 |   url      = env(\"DATABASE_URL\")\n   | \n\nValidation Error Count: 1","name":"PrismaClientInitializationError","service":"workflowiq-backend","stack":"PrismaClientInitializationError: \nInvalid `prisma.user.findUnique()` invocation in\nC:\\Users\\vince\\OneDrive\\Desktop\\Side-project\\other\\project1\\backend\\src\\routes\\auth.ts:98:44\n\n  95 const { email, password, firstName, lastName, organizationName } = req.body;\n  96 \n  97 // Check if user already exists\n→ 98 const existingUser = await prisma.user.findUnique(\nerror: Environment variable not found: DATABASE_URL.\n  -->  schema.prisma:13\n   | \n12 |   provider = \"postgresql\"\n13 |   url      = env(\"DATABASE_URL\")\n   | \n\nValidation Error Count: 1\n    at $n.handleRequestError (C:\\Users\\vince\\OneDrive\\Desktop\\Side-project\\other\\project1\\node_modules\\@prisma\\client\\runtime\\library.js:121:7615)\n    at $n.handleAndLogRequestError (C:\\Users\\vince\\OneDrive\\Desktop\\Side-project\\other\\project1\\node_modules\\@prisma\\client\\runtime\\library.js:121:6623)\n    at $n.request (C:\\Users\\vince\\OneDrive\\Desktop\\Side-project\\other\\project1\\node_modules\\@prisma\\client\\runtime\\library.js:121:6307)\n    at async l (C:\\Users\\vince\\OneDrive\\Desktop\\Side-project\\other\\project1\\node_modules\\@prisma\\client\\runtime\\library.js:130:9633)\n    at async <anonymous> (C:\\Users\\vince\\OneDrive\\Desktop\\Side-project\\other\\project1\\backend\\src\\routes\\auth.ts:98:26)","timestamp":"2025-06-08T17:30:26.265Z"}
{"level":"info","message":"::1 - - [08/Jun/2025:17:30:26 +0000] \"POST /api/auth/register HTTP/1.1\" 500 49 \"http://localhost:3000/\" \"Mozilla/5.0 (Windows NT 10.0; Win64; x64) AppleWebKit/537.36 (KHTML, like Gecko) Chrome/137.0.0.0 Safari/537.36 Edg/137.0.0.0\"","service":"workflowiq-backend","timestamp":"2025-06-08T17:30:26.266Z"}
{"level":"error","message":"Database error: \nInvalid `prisma.user.findUnique()` invocation in\nC:\\Users\\vince\\OneDrive\\Desktop\\Side-project\\other\\project1\\backend\\src\\routes\\auth.ts:196:36\n\n  193 const { email, password } = req.body;\n  194 \n  195 // Find user\n→ 196 const user = await prisma.user.findUnique(\nerror: Environment variable not found: DATABASE_URL.\n  -->  schema.prisma:13\n   | \n12 |   provider = \"postgresql\"\n13 |   url      = env(\"DATABASE_URL\")\n   | \n\nValidation Error Count: 1","service":"workflowiq-backend","target":"user.findUnique","timestamp":"2025-06-08T17:30:43.779Z"}
{"clientVersion":"5.22.0","level":"error","message":"Login error: \nInvalid `prisma.user.findUnique()` invocation in\nC:\\Users\\vince\\OneDrive\\Desktop\\Side-project\\other\\project1\\backend\\src\\routes\\auth.ts:196:36\n\n  193 const { email, password } = req.body;\n  194 \n  195 // Find user\n→ 196 const user = await prisma.user.findUnique(\nerror: Environment variable not found: DATABASE_URL.\n  -->  schema.prisma:13\n   | \n12 |   provider = \"postgresql\"\n13 |   url      = env(\"DATABASE_URL\")\n   | \n\nValidation Error Count: 1","name":"PrismaClientInitializationError","service":"workflowiq-backend","stack":"PrismaClientInitializationError: \nInvalid `prisma.user.findUnique()` invocation in\nC:\\Users\\vince\\OneDrive\\Desktop\\Side-project\\other\\project1\\backend\\src\\routes\\auth.ts:196:36\n\n  193 const { email, password } = req.body;\n  194 \n  195 // Find user\n→ 196 const user = await prisma.user.findUnique(\nerror: Environment variable not found: DATABASE_URL.\n  -->  schema.prisma:13\n   | \n12 |   provider = \"postgresql\"\n13 |   url      = env(\"DATABASE_URL\")\n   | \n\nValidation Error Count: 1\n    at $n.handleRequestError (C:\\Users\\vince\\OneDrive\\Desktop\\Side-project\\other\\project1\\node_modules\\@prisma\\client\\runtime\\library.js:121:7615)\n    at $n.handleAndLogRequestError (C:\\Users\\vince\\OneDrive\\Desktop\\Side-project\\other\\project1\\node_modules\\@prisma\\client\\runtime\\library.js:121:6623)\n    at $n.request (C:\\Users\\vince\\OneDrive\\Desktop\\Side-project\\other\\project1\\node_modules\\@prisma\\client\\runtime\\library.js:121:6307)\n    at async l (C:\\Users\\vince\\OneDrive\\Desktop\\Side-project\\other\\project1\\node_modules\\@prisma\\client\\runtime\\library.js:130:9633)\n    at async <anonymous> (C:\\Users\\vince\\OneDrive\\Desktop\\Side-project\\other\\project1\\backend\\src\\routes\\auth.ts:196:18)","timestamp":"2025-06-08T17:30:43.780Z"}
{"level":"info","message":"::1 - - [08/Jun/2025:17:30:43 +0000] \"POST /api/auth/login HTTP/1.1\" 500 49 \"http://localhost:3000/\" \"Mozilla/5.0 (Windows NT 10.0; Win64; x64) AppleWebKit/537.36 (KHTML, like Gecko) Chrome/137.0.0.0 Safari/537.36 Edg/137.0.0.0\"","service":"workflowiq-backend","timestamp":"2025-06-08T17:30:43.783Z"}
{"level":"error","message":"Database error: \nInvalid `prisma.user.findUnique()` invocation in\nC:\\Users\\vince\\OneDrive\\Desktop\\Side-project\\other\\project1\\backend\\src\\routes\\auth.ts:196:36\n\n  193 const { email, password } = req.body;\n  194 \n  195 // Find user\n→ 196 const user = await prisma.user.findUnique(\nerror: Environment variable not found: DATABASE_URL.\n  -->  schema.prisma:13\n   | \n12 |   provider = \"postgresql\"\n13 |   url      = env(\"DATABASE_URL\")\n   | \n\nValidation Error Count: 1","service":"workflowiq-backend","target":"user.findUnique","timestamp":"2025-06-08T17:30:46.978Z"}
{"clientVersion":"5.22.0","level":"error","message":"Login error: \nInvalid `prisma.user.findUnique()` invocation in\nC:\\Users\\vince\\OneDrive\\Desktop\\Side-project\\other\\project1\\backend\\src\\routes\\auth.ts:196:36\n\n  193 const { email, password } = req.body;\n  194 \n  195 // Find user\n→ 196 const user = await prisma.user.findUnique(\nerror: Environment variable not found: DATABASE_URL.\n  -->  schema.prisma:13\n   | \n12 |   provider = \"postgresql\"\n13 |   url      = env(\"DATABASE_URL\")\n   | \n\nValidation Error Count: 1","name":"PrismaClientInitializationError","service":"workflowiq-backend","stack":"PrismaClientInitializationError: \nInvalid `prisma.user.findUnique()` invocation in\nC:\\Users\\vince\\OneDrive\\Desktop\\Side-project\\other\\project1\\backend\\src\\routes\\auth.ts:196:36\n\n  193 const { email, password } = req.body;\n  194 \n  195 // Find user\n→ 196 const user = await prisma.user.findUnique(\nerror: Environment variable not found: DATABASE_URL.\n  -->  schema.prisma:13\n   | \n12 |   provider = \"postgresql\"\n13 |   url      = env(\"DATABASE_URL\")\n   | \n\nValidation Error Count: 1\n    at $n.handleRequestError (C:\\Users\\vince\\OneDrive\\Desktop\\Side-project\\other\\project1\\node_modules\\@prisma\\client\\runtime\\library.js:121:7615)\n    at $n.handleAndLogRequestError (C:\\Users\\vince\\OneDrive\\Desktop\\Side-project\\other\\project1\\node_modules\\@prisma\\client\\runtime\\library.js:121:6623)\n    at $n.request (C:\\Users\\vince\\OneDrive\\Desktop\\Side-project\\other\\project1\\node_modules\\@prisma\\client\\runtime\\library.js:121:6307)\n    at async l (C:\\Users\\vince\\OneDrive\\Desktop\\Side-project\\other\\project1\\node_modules\\@prisma\\client\\runtime\\library.js:130:9633)\n    at async <anonymous> (C:\\Users\\vince\\OneDrive\\Desktop\\Side-project\\other\\project1\\backend\\src\\routes\\auth.ts:196:18)","timestamp":"2025-06-08T17:30:46.979Z"}
{"level":"info","message":"::1 - - [08/Jun/2025:17:30:46 +0000] \"POST /api/auth/login HTTP/1.1\" 500 49 \"http://localhost:3000/\" \"Mozilla/5.0 (Windows NT 10.0; Win64; x64) AppleWebKit/537.36 (KHTML, like Gecko) Chrome/137.0.0.0 Safari/537.36 Edg/137.0.0.0\"","service":"workflowiq-backend","timestamp":"2025-06-08T17:30:46.980Z"}
{"level":"info","message":"WebSocket handlers initialized","service":"workflowiq-backend","timestamp":"2025-06-08T17:32:42.961Z"}
{"level":"info","message":"🚀 WorkflowIQ Backend Server running on port 8000","service":"workflowiq-backend","timestamp":"2025-06-08T17:32:42.969Z"}
{"level":"info","message":"📚 API Documentation available at http://localhost:8000/api-docs","service":"workflowiq-backend","timestamp":"2025-06-08T17:32:42.969Z"}
{"level":"info","message":"🔄 WebSocket server initialized","service":"workflowiq-backend","timestamp":"2025-06-08T17:32:42.970Z"}
{"level":"info","message":"🌍 Environment: development","service":"workflowiq-backend","timestamp":"2025-06-08T17:32:42.970Z"}
{"level":"info","message":"::1 - - [08/Jun/2025:17:32:48 +0000] \"GET /health HTTP/1.1\" 200 77 \"-\" \"Mozilla/5.0 (Windows NT; Windows NT 10.0; en-AU) WindowsPowerShell/5.1.26100.4061\"","service":"workflowiq-backend","timestamp":"2025-06-08T17:32:48.828Z"}
{"level":"error","message":"Database error: \nInvalid `prisma.user.findUnique()` invocation in\nC:\\Users\\vince\\OneDrive\\Desktop\\Side-project\\other\\project1\\backend\\src\\routes\\auth.ts:98:44\n\n  95 const { email, password, firstName, lastName, organizationName } = req.body;\n  96 \n  97 // Check if user already exists\n→ 98 const existingUser = await prisma.user.findUnique(\nerror: Environment variable not found: DATABASE_URL.\n  -->  schema.prisma:13\n   | \n12 |   provider = \"postgresql\"\n13 |   url      = env(\"DATABASE_URL\")\n   | \n\nValidation Error Count: 1","service":"workflowiq-backend","target":"user.findUnique","timestamp":"2025-06-08T17:33:14.540Z"}
{"clientVersion":"5.22.0","level":"error","message":"Registration error: \nInvalid `prisma.user.findUnique()` invocation in\nC:\\Users\\vince\\OneDrive\\Desktop\\Side-project\\other\\project1\\backend\\src\\routes\\auth.ts:98:44\n\n  95 const { email, password, firstName, lastName, organizationName } = req.body;\n  96 \n  97 // Check if user already exists\n→ 98 const existingUser = await prisma.user.findUnique(\nerror: Environment variable not found: DATABASE_URL.\n  -->  schema.prisma:13\n   | \n12 |   provider = \"postgresql\"\n13 |   url      = env(\"DATABASE_URL\")\n   | \n\nValidation Error Count: 1","name":"PrismaClientInitializationError","service":"workflowiq-backend","stack":"PrismaClientInitializationError: \nInvalid `prisma.user.findUnique()` invocation in\nC:\\Users\\vince\\OneDrive\\Desktop\\Side-project\\other\\project1\\backend\\src\\routes\\auth.ts:98:44\n\n  95 const { email, password, firstName, lastName, organizationName } = req.body;\n  96 \n  97 // Check if user already exists\n→ 98 const existingUser = await prisma.user.findUnique(\nerror: Environment variable not found: DATABASE_URL.\n  -->  schema.prisma:13\n   | \n12 |   provider = \"postgresql\"\n13 |   url      = env(\"DATABASE_URL\")\n   | \n\nValidation Error Count: 1\n    at $n.handleRequestError (C:\\Users\\vince\\OneDrive\\Desktop\\Side-project\\other\\project1\\node_modules\\@prisma\\client\\runtime\\library.js:121:7615)\n    at $n.handleAndLogRequestError (C:\\Users\\vince\\OneDrive\\Desktop\\Side-project\\other\\project1\\node_modules\\@prisma\\client\\runtime\\library.js:121:6623)\n    at $n.request (C:\\Users\\vince\\OneDrive\\Desktop\\Side-project\\other\\project1\\node_modules\\@prisma\\client\\runtime\\library.js:121:6307)\n    at async l (C:\\Users\\vince\\OneDrive\\Desktop\\Side-project\\other\\project1\\node_modules\\@prisma\\client\\runtime\\library.js:130:9633)\n    at async <anonymous> (C:\\Users\\vince\\OneDrive\\Desktop\\Side-project\\other\\project1\\backend\\src\\routes\\auth.ts:98:26)","timestamp":"2025-06-08T17:33:14.542Z"}
{"level":"info","message":"::1 - - [08/Jun/2025:17:33:14 +0000] \"POST /api/auth/register HTTP/1.1\" 500 49 \"-\" \"Mozilla/5.0 (Windows NT; Windows NT 10.0; en-AU) WindowsPowerShell/5.1.26100.4061\"","service":"workflowiq-backend","timestamp":"2025-06-08T17:33:14.543Z"}
{"level":"info","message":"WebSocket handlers initialized","service":"workflowiq-backend","timestamp":"2025-06-08T17:33:37.908Z"}
{"level":"info","message":"🚀 WorkflowIQ Backend Server running on port 8000","service":"workflowiq-backend","timestamp":"2025-06-08T17:33:37.919Z"}
{"level":"info","message":"📚 API Documentation available at http://localhost:8000/api-docs","service":"workflowiq-backend","timestamp":"2025-06-08T17:33:37.920Z"}
{"level":"info","message":"🔄 WebSocket server initialized","service":"workflowiq-backend","timestamp":"2025-06-08T17:33:37.920Z"}
{"level":"info","message":"🌍 Environment: development","service":"workflowiq-backend","timestamp":"2025-06-08T17:33:37.920Z"}
{"level":"info","message":"WebSocket handlers initialized","service":"workflowiq-backend","timestamp":"2025-06-08T17:34:32.097Z"}
{"level":"info","message":"🚀 WorkflowIQ Backend Server running on port 8000","service":"workflowiq-backend","timestamp":"2025-06-08T17:34:32.107Z"}
{"level":"info","message":"📚 API Documentation available at http://localhost:8000/api-docs","service":"workflowiq-backend","timestamp":"2025-06-08T17:34:32.107Z"}
{"level":"info","message":"🔄 WebSocket server initialized","service":"workflowiq-backend","timestamp":"2025-06-08T17:34:32.107Z"}
{"level":"info","message":"🌍 Environment: development","service":"workflowiq-backend","timestamp":"2025-06-08T17:34:32.108Z"}
{"level":"info","message":"Received SIGINT, disconnecting from database...","service":"workflowiq-backend","timestamp":"2025-06-08T17:36:30.180Z"}
{"level":"info","message":"WebSocket handlers initialized","service":"workflowiq-backend","timestamp":"2025-06-08T17:37:30.917Z"}
{"level":"info","message":"🚀 WorkflowIQ Backend Server running on port 8000","service":"workflowiq-backend","timestamp":"2025-06-08T17:37:30.926Z"}
{"level":"info","message":"📚 API Documentation available at http://localhost:8000/api-docs","service":"workflowiq-backend","timestamp":"2025-06-08T17:37:30.926Z"}
{"level":"info","message":"🔄 WebSocket server initialized","service":"workflowiq-backend","timestamp":"2025-06-08T17:37:30.926Z"}
{"level":"info","message":"🌍 Environment: development","service":"workflowiq-backend","timestamp":"2025-06-08T17:37:30.926Z"}
{"level":"info","message":"::1 - - [08/Jun/2025:17:38:03 +0000] \"GET / HTTP/1.1\" 404 54 \"-\" \"Mozilla/5.0 (Windows NT 10.0; Win64; x64) AppleWebKit/537.36 (KHTML, like Gecko) Chrome/137.0.0.0 Safari/537.36 Edg/137.0.0.0\"","service":"workflowiq-backend","timestamp":"2025-06-08T17:38:03.372Z"}
{"level":"info","message":"::1 - - [08/Jun/2025:17:38:03 +0000] \"GET /favicon.ico HTTP/1.1\" 404 65 \"-\" \"Mozilla/5.0 (Windows NT 10.0; Win64; x64) AppleWebKit/537.36 (KHTML, like Gecko) Chrome/137.0.0.0 Safari/537.36 Edg/137.0.0.0\"","service":"workflowiq-backend","timestamp":"2025-06-08T17:38:03.882Z"}
{"level":"info","message":"WebSocket handlers initialized","service":"workflowiq-backend","timestamp":"2025-06-08T17:42:10.191Z"}
{"level":"info","message":"🚀 WorkflowIQ Backend Server running on port 8000","service":"workflowiq-backend","timestamp":"2025-06-08T17:42:10.200Z"}
{"level":"info","message":"📚 API Documentation available at http://localhost:8000/api-docs","service":"workflowiq-backend","timestamp":"2025-06-08T17:42:10.200Z"}
{"level":"info","message":"🔄 WebSocket server initialized","service":"workflowiq-backend","timestamp":"2025-06-08T17:42:10.200Z"}
{"level":"info","message":"🌍 Environment: development","service":"workflowiq-backend","timestamp":"2025-06-08T17:42:10.200Z"}
{"level":"info","message":"::1 - - [08/Jun/2025:17:42:19 +0000] \"GET /api-docs HTTP/1.1\" 301 158 \"-\" \"Mozilla/5.0 (Windows NT 10.0; Win64; x64) AppleWebKit/537.36 (KHTML, like Gecko) Chrome/137.0.0.0 Safari/537.36 Edg/137.0.0.0\"","service":"workflowiq-backend","timestamp":"2025-06-08T17:42:19.594Z"}
{"level":"info","message":"::1 - - [08/Jun/2025:17:42:19 +0000] \"GET /api-docs/ HTTP/1.1\" 200 - \"-\" \"Mozilla/5.0 (Windows NT 10.0; Win64; x64) AppleWebKit/537.36 (KHTML, like Gecko) Chrome/137.0.0.0 Safari/537.36 Edg/137.0.0.0\"","service":"workflowiq-backend","timestamp":"2025-06-08T17:42:19.624Z"}
{"level":"info","message":"::1 - - [08/Jun/2025:17:42:19 +0000] \"GET /api-docs/swagger-ui-init.js HTTP/1.1\" 200 - \"-\" \"Mozilla/5.0 (Windows NT 10.0; Win64; x64) AppleWebKit/537.36 (KHTML, like Gecko) Chrome/137.0.0.0 Safari/537.36 Edg/137.0.0.0\"","service":"workflowiq-backend","timestamp":"2025-06-08T17:42:19.771Z"}
{"level":"info","message":"::1 - - [08/Jun/2025:17:42:19 +0000] \"GET /api-docs/swagger-ui.css HTTP/1.1\" 200 - \"-\" \"Mozilla/5.0 (Windows NT 10.0; Win64; x64) AppleWebKit/537.36 (KHTML, like Gecko) Chrome/137.0.0.0 Safari/537.36 Edg/137.0.0.0\"","service":"workflowiq-backend","timestamp":"2025-06-08T17:42:19.783Z"}
{"level":"info","message":"::1 - - [08/Jun/2025:17:42:19 +0000] \"GET /api-docs/swagger-ui-standalone-preset.js HTTP/1.1\" 200 - \"-\" \"Mozilla/5.0 (Windows NT 10.0; Win64; x64) AppleWebKit/537.36 (KHTML, like Gecko) Chrome/137.0.0.0 Safari/537.36 Edg/137.0.0.0\"","service":"workflowiq-backend","timestamp":"2025-06-08T17:42:19.792Z"}
{"level":"info","message":"::1 - - [08/Jun/2025:17:42:19 +0000] \"GET /api-docs/swagger-ui-bundle.js HTTP/1.1\" 200 - \"-\" \"Mozilla/5.0 (Windows NT 10.0; Win64; x64) AppleWebKit/537.36 (KHTML, like Gecko) Chrome/137.0.0.0 Safari/537.36 Edg/137.0.0.0\"","service":"workflowiq-backend","timestamp":"2025-06-08T17:42:19.829Z"}
{"level":"info","message":"::1 - - [08/Jun/2025:17:42:20 +0000] \"GET /api-docs/favicon-32x32.png HTTP/1.1\" 200 628 \"-\" \"Mozilla/5.0 (Windows NT 10.0; Win64; x64) AppleWebKit/537.36 (KHTML, like Gecko) Chrome/137.0.0.0 Safari/537.36 Edg/137.0.0.0\"","service":"workflowiq-backend","timestamp":"2025-06-08T17:42:20.720Z"}
{"level":"info","message":"::1 - - [08/Jun/2025:17:44:04 +0000] \"GET /health HTTP/1.1\" 200 77 \"-\" \"Mozilla/5.0 (Windows NT; Windows NT 10.0; en-AU) WindowsPowerShell/5.1.26100.4061\"","service":"workflowiq-backend","timestamp":"2025-06-08T17:44:04.431Z"}
{"level":"info","message":"WebSocket handlers initialized","service":"workflowiq-backend","timestamp":"2025-06-08T17:46:06.712Z"}
{"level":"info","message":"🚀 WorkflowIQ Backend Server running on port 8000","service":"workflowiq-backend","timestamp":"2025-06-08T17:46:06.721Z"}
{"level":"info","message":"📚 API Documentation available at http://localhost:8000/api-docs","service":"workflowiq-backend","timestamp":"2025-06-08T17:46:06.721Z"}
{"level":"info","message":"🔄 WebSocket server initialized","service":"workflowiq-backend","timestamp":"2025-06-08T17:46:06.721Z"}
{"level":"info","message":"🌍 Environment: development","service":"workflowiq-backend","timestamp":"2025-06-08T17:46:06.721Z"}
{"level":"info","message":"WebSocket handlers initialized","service":"workflowiq-backend","timestamp":"2025-06-08T17:46:13.704Z"}
{"level":"info","message":"🚀 WorkflowIQ Backend Server running on port 8000","service":"workflowiq-backend","timestamp":"2025-06-08T17:46:13.715Z"}
{"level":"info","message":"📚 API Documentation available at http://localhost:8000/api-docs","service":"workflowiq-backend","timestamp":"2025-06-08T17:46:13.716Z"}
{"level":"info","message":"🔄 WebSocket server initialized","service":"workflowiq-backend","timestamp":"2025-06-08T17:46:13.716Z"}
{"level":"info","message":"🌍 Environment: development","service":"workflowiq-backend","timestamp":"2025-06-08T17:46:13.716Z"}
{"level":"info","message":"WebSocket handlers initialized","service":"workflowiq-backend","timestamp":"2025-06-08T17:46:21.246Z"}
{"level":"info","message":"🚀 WorkflowIQ Backend Server running on port 8000","service":"workflowiq-backend","timestamp":"2025-06-08T17:46:21.254Z"}
{"level":"info","message":"📚 API Documentation available at http://localhost:8000/api-docs","service":"workflowiq-backend","timestamp":"2025-06-08T17:46:21.255Z"}
{"level":"info","message":"🔄 WebSocket server initialized","service":"workflowiq-backend","timestamp":"2025-06-08T17:46:21.255Z"}
{"level":"info","message":"🌍 Environment: development","service":"workflowiq-backend","timestamp":"2025-06-08T17:46:21.255Z"}
{"level":"info","message":"WebSocket handlers initialized","service":"workflowiq-backend","timestamp":"2025-06-08T17:47:14.681Z"}
{"level":"info","message":"🚀 WorkflowIQ Backend Server running on port 8000","service":"workflowiq-backend","timestamp":"2025-06-08T17:47:14.691Z"}
{"level":"info","message":"📚 API Documentation available at http://localhost:8000/api-docs","service":"workflowiq-backend","timestamp":"2025-06-08T17:47:14.692Z"}
{"level":"info","message":"🔄 WebSocket server initialized","service":"workflowiq-backend","timestamp":"2025-06-08T17:47:14.692Z"}
{"level":"info","message":"🌍 Environment: development","service":"workflowiq-backend","timestamp":"2025-06-08T17:47:14.692Z"}
{"level":"info","message":"::1 - - [08/Jun/2025:17:47:48 +0000] \"GET /health HTTP/1.1\" 200 77 \"-\" \"Mozilla/5.0 (Windows NT; Windows NT 10.0; en-AU) WindowsPowerShell/5.1.26100.4061\"","service":"workflowiq-backend","timestamp":"2025-06-08T17:47:48.652Z"}
{"level":"info","message":"WebSocket handlers initialized","service":"workflowiq-backend","timestamp":"2025-06-08T17:47:55.930Z"}
{"level":"info","message":"🚀 WorkflowIQ Backend Server running on port 8000","service":"workflowiq-backend","timestamp":"2025-06-08T17:47:55.938Z"}
{"level":"info","message":"📚 API Documentation available at http://localhost:8000/api-docs","service":"workflowiq-backend","timestamp":"2025-06-08T17:47:55.939Z"}
{"level":"info","message":"🔄 WebSocket server initialized","service":"workflowiq-backend","timestamp":"2025-06-08T17:47:55.939Z"}
{"level":"info","message":"🌍 Environment: development","service":"workflowiq-backend","timestamp":"2025-06-08T17:47:55.939Z"}
{"level":"error","message":"Database error: \nInvalid `prisma.user.findUnique()` invocation in\nC:\\Users\\vince\\OneDrive\\Desktop\\Side-project\\other\\project1\\backend\\src\\routes\\auth.ts:98:44\n\n  95 const { email, password, firstName, lastName, organizationName } = req.body;\n  96 \n  97 // Check if user already exists\n→ 98 const existingUser = await prisma.user.findUnique(\nerror: Environment variable not found: DATABASE_URL.\n  -->  schema.prisma:13\n   | \n12 |   provider = \"postgresql\"\n13 |   url      = env(\"DATABASE_URL\")\n   | \n\nValidation Error Count: 1","service":"workflowiq-backend","target":"user.findUnique","timestamp":"2025-06-08T17:48:11.702Z"}
{"clientVersion":"5.22.0","level":"error","message":"Registration error: \nInvalid `prisma.user.findUnique()` invocation in\nC:\\Users\\vince\\OneDrive\\Desktop\\Side-project\\other\\project1\\backend\\src\\routes\\auth.ts:98:44\n\n  95 const { email, password, firstName, lastName, organizationName } = req.body;\n  96 \n  97 // Check if user already exists\n→ 98 const existingUser = await prisma.user.findUnique(\nerror: Environment variable not found: DATABASE_URL.\n  -->  schema.prisma:13\n   | \n12 |   provider = \"postgresql\"\n13 |   url      = env(\"DATABASE_URL\")\n   | \n\nValidation Error Count: 1","name":"PrismaClientInitializationError","service":"workflowiq-backend","stack":"PrismaClientInitializationError: \nInvalid `prisma.user.findUnique()` invocation in\nC:\\Users\\vince\\OneDrive\\Desktop\\Side-project\\other\\project1\\backend\\src\\routes\\auth.ts:98:44\n\n  95 const { email, password, firstName, lastName, organizationName } = req.body;\n  96 \n  97 // Check if user already exists\n→ 98 const existingUser = await prisma.user.findUnique(\nerror: Environment variable not found: DATABASE_URL.\n  -->  schema.prisma:13\n   | \n12 |   provider = \"postgresql\"\n13 |   url      = env(\"DATABASE_URL\")\n   | \n\nValidation Error Count: 1\n    at $n.handleRequestError (C:\\Users\\vince\\OneDrive\\Desktop\\Side-project\\other\\project1\\node_modules\\@prisma\\client\\runtime\\library.js:121:7615)\n    at $n.handleAndLogRequestError (C:\\Users\\vince\\OneDrive\\Desktop\\Side-project\\other\\project1\\node_modules\\@prisma\\client\\runtime\\library.js:121:6623)\n    at $n.request (C:\\Users\\vince\\OneDrive\\Desktop\\Side-project\\other\\project1\\node_modules\\@prisma\\client\\runtime\\library.js:121:6307)\n    at async l (C:\\Users\\vince\\OneDrive\\Desktop\\Side-project\\other\\project1\\node_modules\\@prisma\\client\\runtime\\library.js:130:9633)\n    at async <anonymous> (C:\\Users\\vince\\OneDrive\\Desktop\\Side-project\\other\\project1\\backend\\src\\routes\\auth.ts:98:26)","timestamp":"2025-06-08T17:48:11.703Z"}
{"level":"info","message":"::1 - - [08/Jun/2025:17:48:11 +0000] \"POST /api/auth/register HTTP/1.1\" 500 49 \"-\" \"Mozilla/5.0 (Windows NT; Windows NT 10.0; en-AU) WindowsPowerShell/5.1.26100.4061\"","service":"workflowiq-backend","timestamp":"2025-06-08T17:48:11.707Z"}
{"level":"info","message":"WebSocket handlers initialized","service":"workflowiq-backend","timestamp":"2025-06-08T17:48:20.273Z"}
{"level":"info","message":"🚀 WorkflowIQ Backend Server running on port 8000","service":"workflowiq-backend","timestamp":"2025-06-08T17:48:20.282Z"}
{"level":"info","message":"📚 API Documentation available at http://localhost:8000/api-docs","service":"workflowiq-backend","timestamp":"2025-06-08T17:48:20.282Z"}
{"level":"info","message":"🔄 WebSocket server initialized","service":"workflowiq-backend","timestamp":"2025-06-08T17:48:20.282Z"}
{"level":"info","message":"🌍 Environment: development","service":"workflowiq-backend","timestamp":"2025-06-08T17:48:20.283Z"}
{"level":"info","message":"WebSocket handlers initialized","service":"workflowiq-backend","timestamp":"2025-06-08T17:48:29.559Z"}
{"level":"info","message":"🚀 WorkflowIQ Backend Server running on port 8000","service":"workflowiq-backend","timestamp":"2025-06-08T17:48:29.570Z"}
{"level":"info","message":"📚 API Documentation available at http://localhost:8000/api-docs","service":"workflowiq-backend","timestamp":"2025-06-08T17:48:29.570Z"}
{"level":"info","message":"🔄 WebSocket server initialized","service":"workflowiq-backend","timestamp":"2025-06-08T17:48:29.570Z"}
{"level":"info","message":"🌍 Environment: development","service":"workflowiq-backend","timestamp":"2025-06-08T17:48:29.570Z"}
{"level":"info","message":"WebSocket handlers initialized","service":"workflowiq-backend","timestamp":"2025-06-08T17:48:37.601Z"}
{"level":"info","message":"🚀 WorkflowIQ Backend Server running on port 8000","service":"workflowiq-backend","timestamp":"2025-06-08T17:48:37.609Z"}
{"level":"info","message":"📚 API Documentation available at http://localhost:8000/api-docs","service":"workflowiq-backend","timestamp":"2025-06-08T17:48:37.610Z"}
{"level":"info","message":"🔄 WebSocket server initialized","service":"workflowiq-backend","timestamp":"2025-06-08T17:48:37.610Z"}
{"level":"info","message":"🌍 Environment: development","service":"workflowiq-backend","timestamp":"2025-06-08T17:48:37.610Z"}
{"level":"info","message":"WebSocket handlers initialized","service":"workflowiq-backend","timestamp":"2025-06-08T17:48:44.841Z"}
{"level":"info","message":"🚀 WorkflowIQ Backend Server running on port 8000","service":"workflowiq-backend","timestamp":"2025-06-08T17:48:44.851Z"}
{"level":"info","message":"📚 API Documentation available at http://localhost:8000/api-docs","service":"workflowiq-backend","timestamp":"2025-06-08T17:48:44.851Z"}
{"level":"info","message":"🔄 WebSocket server initialized","service":"workflowiq-backend","timestamp":"2025-06-08T17:48:44.851Z"}
{"level":"info","message":"🌍 Environment: development","service":"workflowiq-backend","timestamp":"2025-06-08T17:48:44.851Z"}
{"level":"info","message":"WebSocket handlers initialized","service":"workflowiq-backend","timestamp":"2025-06-08T17:49:42.080Z"}
{"level":"info","message":"🚀 WorkflowIQ Backend Server running on port 8000","service":"workflowiq-backend","timestamp":"2025-06-08T17:49:42.089Z"}
{"level":"info","message":"📚 API Documentation available at http://localhost:8000/api-docs","service":"workflowiq-backend","timestamp":"2025-06-08T17:49:42.089Z"}
{"level":"info","message":"🔄 WebSocket server initialized","service":"workflowiq-backend","timestamp":"2025-06-08T17:49:42.090Z"}
{"level":"info","message":"🌍 Environment: development","service":"workflowiq-backend","timestamp":"2025-06-08T17:49:42.090Z"}
{"level":"error","message":"Database error: \nInvalid `prisma.user.findUnique()` invocation in\nC:\\Users\\vince\\OneDrive\\Desktop\\Side-project\\other\\project1\\backend\\src\\routes\\auth.ts:106:44\n\n  103 }\n  104 \n  105 // Check if user already exists\n→ 106 const existingUser = await prisma.user.findUnique(\nerror: Environment variable not found: DATABASE_URL.\n  -->  schema.prisma:13\n   | \n12 |   provider = \"postgresql\"\n13 |   url      = env(\"DATABASE_URL\")\n   | \n\nValidation Error Count: 1","service":"workflowiq-backend","target":"user.findUnique","timestamp":"2025-06-08T17:50:11.591Z"}
{"clientVersion":"5.22.0","level":"error","message":"Registration error: \nInvalid `prisma.user.findUnique()` invocation in\nC:\\Users\\vince\\OneDrive\\Desktop\\Side-project\\other\\project1\\backend\\src\\routes\\auth.ts:106:44\n\n  103 }\n  104 \n  105 // Check if user already exists\n→ 106 const existingUser = await prisma.user.findUnique(\nerror: Environment variable not found: DATABASE_URL.\n  -->  schema.prisma:13\n   | \n12 |   provider = \"postgresql\"\n13 |   url      = env(\"DATABASE_URL\")\n   | \n\nValidation Error Count: 1","name":"PrismaClientInitializationError","service":"workflowiq-backend","stack":"PrismaClientInitializationError: \nInvalid `prisma.user.findUnique()` invocation in\nC:\\Users\\vince\\OneDrive\\Desktop\\Side-project\\other\\project1\\backend\\src\\routes\\auth.ts:106:44\n\n  103 }\n  104 \n  105 // Check if user already exists\n→ 106 const existingUser = await prisma.user.findUnique(\nerror: Environment variable not found: DATABASE_URL.\n  -->  schema.prisma:13\n   | \n12 |   provider = \"postgresql\"\n13 |   url      = env(\"DATABASE_URL\")\n   | \n\nValidation Error Count: 1\n    at $n.handleRequestError (C:\\Users\\vince\\OneDrive\\Desktop\\Side-project\\other\\project1\\node_modules\\@prisma\\client\\runtime\\library.js:121:7615)\n    at $n.handleAndLogRequestError (C:\\Users\\vince\\OneDrive\\Desktop\\Side-project\\other\\project1\\node_modules\\@prisma\\client\\runtime\\library.js:121:6623)\n    at $n.request (C:\\Users\\vince\\OneDrive\\Desktop\\Side-project\\other\\project1\\node_modules\\@prisma\\client\\runtime\\library.js:121:6307)\n    at async l (C:\\Users\\vince\\OneDrive\\Desktop\\Side-project\\other\\project1\\node_modules\\@prisma\\client\\runtime\\library.js:130:9633)\n    at async <anonymous> (C:\\Users\\vince\\OneDrive\\Desktop\\Side-project\\other\\project1\\backend\\src\\routes\\auth.ts:106:26)","timestamp":"2025-06-08T17:50:11.592Z"}
{"level":"info","message":"::1 - - [08/Jun/2025:17:50:11 +0000] \"POST /api/auth/register HTTP/1.1\" 500 49 \"-\" \"Mozilla/5.0 (Windows NT; Windows NT 10.0; en-AU) WindowsPowerShell/5.1.26100.4061\"","service":"workflowiq-backend","timestamp":"2025-06-08T17:50:11.596Z"}
{"level":"info","message":"WebSocket handlers initialized","service":"workflowiq-backend","timestamp":"2025-06-08T17:50:22.142Z"}
{"level":"info","message":"🚀 WorkflowIQ Backend Server running on port 8000","service":"workflowiq-backend","timestamp":"2025-06-08T17:50:22.151Z"}
{"level":"info","message":"📚 API Documentation available at http://localhost:8000/api-docs","service":"workflowiq-backend","timestamp":"2025-06-08T17:50:22.151Z"}
{"level":"info","message":"🔄 WebSocket server initialized","service":"workflowiq-backend","timestamp":"2025-06-08T17:50:22.152Z"}
{"level":"info","message":"🌍 Environment: development","service":"workflowiq-backend","timestamp":"2025-06-08T17:50:22.152Z"}
{"level":"info","message":"WebSocket handlers initialized","service":"workflowiq-backend","timestamp":"2025-06-08T17:57:32.275Z"}
{"level":"info","message":"🚀 WorkflowIQ Backend Server running on port 8000","service":"workflowiq-backend","timestamp":"2025-06-08T17:57:32.286Z"}
{"level":"info","message":"📚 API Documentation available at http://localhost:8000/api-docs","service":"workflowiq-backend","timestamp":"2025-06-08T17:57:32.287Z"}
{"level":"info","message":"🔄 WebSocket server initialized","service":"workflowiq-backend","timestamp":"2025-06-08T17:57:32.287Z"}
{"level":"info","message":"🌍 Environment: development","service":"workflowiq-backend","timestamp":"2025-06-08T17:57:32.287Z"}
{"level":"info","message":"WebSocket handlers initialized","service":"workflowiq-backend","timestamp":"2025-06-08T17:58:10.354Z"}
{"level":"info","message":"🚀 WorkflowIQ Backend Server running on port 8000","service":"workflowiq-backend","timestamp":"2025-06-08T17:58:10.364Z"}
{"level":"info","message":"📚 API Documentation available at http://localhost:8000/api-docs","service":"workflowiq-backend","timestamp":"2025-06-08T17:58:10.365Z"}
{"level":"info","message":"🔄 WebSocket server initialized","service":"workflowiq-backend","timestamp":"2025-06-08T17:58:10.365Z"}
{"level":"info","message":"🌍 Environment: development","service":"workflowiq-backend","timestamp":"2025-06-08T17:58:10.365Z"}
{"level":"error","message":"Mock registration error: secretOrPrivateKey must have a value","service":"workflowiq-backend","stack":"Error: secretOrPrivateKey must have a value\n    at module.exports [as sign] (C:\\Users\\vince\\OneDrive\\Desktop\\Side-project\\other\\project1\\node_modules\\jsonwebtoken\\sign.js:111:20)\n    at generateTokens (C:\\Users\\vince\\OneDrive\\Desktop\\Side-project\\other\\project1\\backend\\src\\routes\\auth-mock.ts:13:27)\n    at <anonymous> (C:\\Users\\vince\\OneDrive\\Desktop\\Side-project\\other\\project1\\backend\\src\\routes\\auth-mock.ts:68:43)","timestamp":"2025-06-08T17:58:24.725Z"}
{"level":"info","message":"::1 - - [08/Jun/2025:17:58:24 +0000] \"POST /api/auth/register HTTP/1.1\" 500 49 \"-\" \"Mozilla/5.0 (Windows NT; Windows NT 10.0; en-AU) WindowsPowerShell/5.1.26100.4061\"","service":"workflowiq-backend","timestamp":"2025-06-08T17:58:24.729Z"}
{"level":"info","message":"WebSocket handlers initialized","service":"workflowiq-backend","timestamp":"2025-06-08T17:58:33.547Z"}
{"level":"info","message":"🚀 WorkflowIQ Backend Server running on port 8000","service":"workflowiq-backend","timestamp":"2025-06-08T17:58:33.557Z"}
{"level":"info","message":"📚 API Documentation available at http://localhost:8000/api-docs","service":"workflowiq-backend","timestamp":"2025-06-08T17:58:33.557Z"}
{"level":"info","message":"🔄 WebSocket server initialized","service":"workflowiq-backend","timestamp":"2025-06-08T17:58:33.557Z"}
{"level":"info","message":"🌍 Environment: development","service":"workflowiq-backend","timestamp":"2025-06-08T17:58:33.557Z"}
{"level":"info","message":"WebSocket handlers initialized","service":"workflowiq-backend","timestamp":"2025-06-08T17:58:38.957Z"}
{"level":"info","message":"🚀 WorkflowIQ Backend Server running on port 8000","service":"workflowiq-backend","timestamp":"2025-06-08T17:58:38.967Z"}
{"level":"info","message":"📚 API Documentation available at http://localhost:8000/api-docs","service":"workflowiq-backend","timestamp":"2025-06-08T17:58:38.967Z"}
{"level":"info","message":"🔄 WebSocket server initialized","service":"workflowiq-backend","timestamp":"2025-06-08T17:58:38.967Z"}
{"level":"info","message":"🌍 Environment: development","service":"workflowiq-backend","timestamp":"2025-06-08T17:58:38.968Z"}
{"level":"info","message":"WebSocket handlers initialized","service":"workflowiq-backend","timestamp":"2025-06-08T17:58:44.033Z"}
{"level":"info","message":"🚀 WorkflowIQ Backend Server running on port 8000","service":"workflowiq-backend","timestamp":"2025-06-08T17:58:44.042Z"}
{"level":"info","message":"📚 API Documentation available at http://localhost:8000/api-docs","service":"workflowiq-backend","timestamp":"2025-06-08T17:58:44.043Z"}
{"level":"info","message":"🔄 WebSocket server initialized","service":"workflowiq-backend","timestamp":"2025-06-08T17:58:44.043Z"}
{"level":"info","message":"🌍 Environment: development","service":"workflowiq-backend","timestamp":"2025-06-08T17:58:44.043Z"}
{"level":"info","message":"WebSocket handlers initialized","service":"workflowiq-backend","timestamp":"2025-06-08T17:59:33.901Z"}
{"level":"info","message":"🚀 WorkflowIQ Backend Server running on port 8000","service":"workflowiq-backend","timestamp":"2025-06-08T17:59:33.911Z"}
{"level":"info","message":"📚 API Documentation available at http://localhost:8000/api-docs","service":"workflowiq-backend","timestamp":"2025-06-08T17:59:33.912Z"}
{"level":"info","message":"🔄 WebSocket server initialized","service":"workflowiq-backend","timestamp":"2025-06-08T17:59:33.912Z"}
{"level":"info","message":"🌍 Environment: development","service":"workflowiq-backend","timestamp":"2025-06-08T17:59:33.912Z"}
{"level":"info","message":"::1 - - [08/Jun/2025:18:00:01 +0000] \"GET /health HTTP/1.1\" 200 77 \"-\" \"Mozilla/5.0 (Windows NT; Windows NT 10.0; en-AU) WindowsPowerShell/5.1.26100.4061\"","service":"workflowiq-backend","timestamp":"2025-06-08T18:00:01.410Z"}
{"level":"error","message":"Mock registration error: secretOrPrivateKey must have a value","service":"workflowiq-backend","stack":"Error: secretOrPrivateKey must have a value\n    at module.exports [as sign] (C:\\Users\\vince\\OneDrive\\Desktop\\Side-project\\other\\project1\\node_modules\\jsonwebtoken\\sign.js:111:20)\n    at generateTokens (C:\\Users\\vince\\OneDrive\\Desktop\\Side-project\\other\\project1\\backend\\src\\routes\\auth-mock.ts:13:27)\n    at <anonymous> (C:\\Users\\vince\\OneDrive\\Desktop\\Side-project\\other\\project1\\backend\\src\\routes\\auth-mock.ts:68:43)","timestamp":"2025-06-08T18:00:10.895Z"}
{"level":"info","message":"::1 - - [08/Jun/2025:18:00:10 +0000] \"POST /api/auth/register HTTP/1.1\" 500 49 \"-\" \"Mozilla/5.0 (Windows NT; Windows NT 10.0; en-AU) WindowsPowerShell/5.1.26100.4061\"","service":"workflowiq-backend","timestamp":"2025-06-08T18:00:10.897Z"}
{"level":"info","message":"WebSocket handlers initialized","service":"workflowiq-backend","timestamp":"2025-06-08T18:03:29.268Z"}
{"level":"info","message":"🚀 WorkflowIQ Backend Server running on port 8000","service":"workflowiq-backend","timestamp":"2025-06-08T18:03:29.278Z"}
{"level":"info","message":"📚 API Documentation available at http://localhost:8000/api-docs","service":"workflowiq-backend","timestamp":"2025-06-08T18:03:29.279Z"}
{"level":"info","message":"🔄 WebSocket server initialized","service":"workflowiq-backend","timestamp":"2025-06-08T18:03:29.279Z"}
{"level":"info","message":"🌍 Environment: development","service":"workflowiq-backend","timestamp":"2025-06-08T18:03:29.279Z"}
{"level":"info","message":"WebSocket handlers initialized","service":"workflowiq-backend","timestamp":"2025-06-08T18:03:55.126Z"}
{"level":"info","message":"🚀 WorkflowIQ Backend Server running on port 8000","service":"workflowiq-backend","timestamp":"2025-06-08T18:03:55.141Z"}
{"level":"info","message":"📚 API Documentation available at http://localhost:8000/api-docs","service":"workflowiq-backend","timestamp":"2025-06-08T18:03:55.142Z"}
{"level":"info","message":"🔄 WebSocket server initialized","service":"workflowiq-backend","timestamp":"2025-06-08T18:03:55.142Z"}
{"level":"info","message":"🌍 Environment: development","service":"workflowiq-backend","timestamp":"2025-06-08T18:03:55.143Z"}
{"level":"info","message":"WebSocket handlers initialized","service":"workflowiq-backend","timestamp":"2025-06-08T18:03:57.841Z"}
{"level":"info","message":"🚀 WorkflowIQ Backend Server running on port 8000","service":"workflowiq-backend","timestamp":"2025-06-08T18:03:57.855Z"}
{"level":"info","message":"📚 API Documentation available at http://localhost:8000/api-docs","service":"workflowiq-backend","timestamp":"2025-06-08T18:03:57.855Z"}
{"level":"info","message":"🔄 WebSocket server initialized","service":"workflowiq-backend","timestamp":"2025-06-08T18:03:57.855Z"}
{"level":"info","message":"🌍 Environment: development","service":"workflowiq-backend","timestamp":"2025-06-08T18:03:57.855Z"}
{"level":"info","message":"WebSocket handlers initialized","service":"workflowiq-backend","timestamp":"2025-06-08T18:06:38.875Z"}
{"level":"info","message":"🚀 WorkflowIQ Backend Server running on port 8000","service":"workflowiq-backend","timestamp":"2025-06-08T18:06:38.892Z"}
{"level":"info","message":"📚 API Documentation available at http://localhost:8000/api-docs","service":"workflowiq-backend","timestamp":"2025-06-08T18:06:38.893Z"}
{"level":"info","message":"🔄 WebSocket server initialized","service":"workflowiq-backend","timestamp":"2025-06-08T18:06:38.893Z"}
{"level":"info","message":"🌍 Environment: development","service":"workflowiq-backend","timestamp":"2025-06-08T18:06:38.893Z"}
{"level":"info","message":"WebSocket handlers initialized","service":"workflowiq-backend","timestamp":"2025-06-08T18:07:21.641Z"}
{"level":"info","message":"🚀 WorkflowIQ Backend Server running on port 8000","service":"workflowiq-backend","timestamp":"2025-06-08T18:07:21.653Z"}
{"level":"info","message":"📚 API Documentation available at http://localhost:8000/api-docs","service":"workflowiq-backend","timestamp":"2025-06-08T18:07:21.653Z"}
{"level":"info","message":"🔄 WebSocket server initialized","service":"workflowiq-backend","timestamp":"2025-06-08T18:07:21.653Z"}
{"level":"info","message":"🌍 Environment: development","service":"workflowiq-backend","timestamp":"2025-06-08T18:07:21.653Z"}
{"level":"info","message":"WebSocket handlers initialized","service":"workflowiq-backend","timestamp":"2025-06-08T18:07:59.437Z"}
{"level":"info","message":"🚀 WorkflowIQ Backend Server running on port 8000","service":"workflowiq-backend","timestamp":"2025-06-08T18:07:59.448Z"}
{"level":"info","message":"📚 API Documentation available at http://localhost:8000/api-docs","service":"workflowiq-backend","timestamp":"2025-06-08T18:07:59.448Z"}
{"level":"info","message":"🔄 WebSocket server initialized","service":"workflowiq-backend","timestamp":"2025-06-08T18:07:59.448Z"}
{"level":"info","message":"🌍 Environment: development","service":"workflowiq-backend","timestamp":"2025-06-08T18:07:59.449Z"}
{"level":"info","message":"WebSocket handlers initialized","service":"workflowiq-backend","timestamp":"2025-06-08T18:27:27.233Z"}
{"level":"info","message":"🚀 WorkflowIQ Backend Server running on port 8000","service":"workflowiq-backend","timestamp":"2025-06-08T18:27:27.237Z"}
{"level":"info","message":"📚 API Documentation available at http://localhost:8000/api-docs","service":"workflowiq-backend","timestamp":"2025-06-08T18:27:27.237Z"}
{"level":"info","message":"🔄 WebSocket server initialized","service":"workflowiq-backend","timestamp":"2025-06-08T18:27:27.237Z"}
{"level":"info","message":"🌍 Environment: development","service":"workflowiq-backend","timestamp":"2025-06-08T18:27:27.237Z"}
